<?xml version="1.0" encoding="UTF-8"?>
<testsuite xmlns:xsi="http://www.w3.org/2001/XMLSchema-instance" xsi:noNamespaceSchemaLocation="https://maven.apache.org/surefire/maven-surefire-plugin/xsd/surefire-test-report-3.0.xsd" version="3.0" name="com.tafj.reverse.translator.PatternMatcherTest" time="0.305" tests="19" errors="0" skipped="0" failures="0">
  <properties>
[...]
</properties>
  <testcase name="testJAtVariableVMConversion" classname="com.tafj.reverse.translator.PatternMatcherTest" time="0.224"/>
  <testcase name="testOpSubConversion" classname="com.tafj.reverse.translator.PatternMatcherTest" time="0.016"/>
  <testcase name="testStringLiteralConversion" classname="com.tafj.reverse.translator.PatternMatcherTest" time="0"/>
  <testcase name="testConcatMethodConversion" classname="com.tafj.reverse.translator.PatternMatcherTest" time="0.015"/>
  <testcase name="testExtractComponentName" classname="com.tafj.reverse.translator.PatternMatcherTest" time="0"/>
  <testcase name="testExtractComponentNameNonComponent" classname="com.tafj.reverse.translator.PatternMatcherTest" time="0"/>
  <testcase name="testOpEqualConversion" classname="com.tafj.reverse.translator.PatternMatcherTest" time="0"/>
  <testcase name="testAbsFunctionPreservation" classname="com.tafj.reverse.translator.PatternMatcherTest" time="0.001"/>
  <testcase name="testConvertVariableName" classname="com.tafj.reverse.translator.PatternMatcherTest" time="0"/>
  <testcase name="testFmtFunctionPreservation" classname="com.tafj.reverse.translator.PatternMatcherTest" time="0"/>
  <testcase name="testBoolValWrapperRemoval" classname="com.tafj.reverse.translator.PatternMatcherTest" time="0"/>
  <testcase name="testOpMatchConversion" classname="com.tafj.reverse.translator.PatternMatcherTest" time="0"/>
  <testcase name="testDcountConversion" classname="com.tafj.reverse.translator.PatternMatcherTest" time="0"/>
  <testcase name="testFGetConversion" classname="com.tafj.reverse.translator.PatternMatcherTest" time="0"/>
  <testcase name="testConvertVariableNameWithThisPrefix" classname="com.tafj.reverse.translator.PatternMatcherTest" time="0"/>
  <testcase name="testComplexConditionWithOpMatchAndOpCat" classname="com.tafj.reverse.translator.PatternMatcherTest" time="0"/>
  <testcase name="testNestedOpCatWithCharacterValueOf" classname="com.tafj.reverse.translator.PatternMatcherTest" time="0.003"/>
  <testcase name="testOpAddConversion" classname="com.tafj.reverse.translator.PatternMatcherTest" time="0"/>
  <testcase name="testOpCatConversion" classname="com.tafj.reverse.translator.PatternMatcherTest" time="0"/>
</testsuite>